-----------------AK8002执行开始-----------------
UPDATE b_goods set goods_name='康师傅香菇炖鸡面105g' WHERE goods_id='6920152442715'

-----------------AK8002执行完成-----------------


-----------------AK4001执行开始-----------------
UPDATE b_goods set goods_name='康师傅香菇炖鸡面105g' WHERE goods_id='6920152442715'

-----------------AK4001执行完成-----------------


-----------------ABG001执行开始-----------------
UPDATE b_goods set goods_name='康师傅香菇炖鸡面105g' WHERE goods_id='6920152442715'

-----------------ABG001执行完成-----------------


-----------------AK4002执行开始-----------------
UPDATE b_goods set goods_name='康师傅香菇炖鸡面105g' WHERE goods_id='6920152442715'

-----------------AK4002执行完成-----------------


-----------------AK4003执行开始-----------------
UPDATE b_goods set goods_name='康师傅香菇炖鸡面105g' WHERE goods_id='6920152442715'

-----------------AK4003执行完成-----------------


-----------------AJK001执行开始-----------------
UPDATE b_goods set goods_name='康师傅香菇炖鸡面105g' WHERE goods_id='6920152442715'

-----------------AJK001执行完成-----------------


-----------------AJK002执行开始-----------------
UPDATE b_goods set goods_name='康师傅香菇炖鸡面105g' WHERE goods_id='6920152442715'

-----------------AJK002执行完成-----------------


-----------------AF3002执行开始-----------------
UPDATE b_goods set goods_name='康师傅香菇炖鸡面105g' WHERE goods_id='6920152442715'

-----------------AF3002执行完成-----------------


-----------------AF7003执行开始-----------------
UPDATE b_goods set goods_name='康师傅香菇炖鸡面105g' WHERE goods_id='6920152442715'

-----------------AF7003执行完成-----------------


-----------------AF3001执行开始-----------------
UPDATE b_goods set goods_name='康师傅香菇炖鸡面105g' WHERE goods_id='6920152442715'

-----------------AF3001执行完成-----------------


-----------------AF7002执行开始-----------------
UPDATE b_goods set goods_name='康师傅香菇炖鸡面105g' WHERE goods_id='6920152442715'

-----------------AF7002执行完成-----------------


-----------------AK5001执行开始-----------------
UPDATE b_goods set goods_name='康师傅香菇炖鸡面105g' WHERE goods_id='6920152442715'

-----------------AK5001执行完成-----------------


-----------------AK5002执行开始-----------------
UPDATE b_goods set goods_name='康师傅香菇炖鸡面105g' WHERE goods_id='6920152442715'

-----------------AK5002执行完成-----------------


-----------------AEE001执行开始-----------------
UPDATE b_goods set goods_name='康师傅香菇炖鸡面105g' WHERE goods_id='6920152442715'

-----------------AEE001执行完成-----------------


-----------------AK1001执行开始-----------------
UPDATE b_goods set goods_name='康师傅香菇炖鸡面105g' WHERE goods_id='6920152442715'

-----------------AK1001执行完成-----------------


-----------------AK1002执行开始-----------------
UPDATE b_goods set goods_name='康师傅香菇炖鸡面105g' WHERE goods_id='6920152442715'

-----------------AK1002执行完成-----------------


-----------------AK5003执行开始-----------------
UPDATE b_goods set goods_name='康师傅香菇炖鸡面105g' WHERE goods_id='6920152442715'

-----------------AK5003执行完成-----------------


-----------------AE2001执行开始-----------------
UPDATE b_goods set goods_name='康师傅香菇炖鸡面105g' WHERE goods_id='6920152442715'

-----------------AE2001执行完成-----------------


-----------------AC1001执行开始-----------------
UPDATE b_goods set goods_name='康师傅香菇炖鸡面105g' WHERE goods_id='6920152442715'

-----------------AC1001执行完成-----------------


-----------------AH3004执行开始-----------------
UPDATE b_goods set goods_name='康师傅香菇炖鸡面105g' WHERE goods_id='6920152442715'

-----------------AH3004执行完成-----------------


-----------------AF2001执行开始-----------------
UPDATE b_goods set goods_name='康师傅香菇炖鸡面105g' WHERE goods_id='6920152442715'

-----------------AF2001执行完成-----------------


-----------------AF2002执行开始-----------------
UPDATE b_goods set goods_name='康师傅香菇炖鸡面105g' WHERE goods_id='6920152442715'

-----------------AF2002执行完成-----------------


-----------------3308A01执行开始-----------------
UPDATE b_goods set goods_name='康师傅香菇炖鸡面105g' WHERE goods_id='6920152442715'

-----------------3308A01执行完成-----------------


-----------------AH3001执行开始-----------------
UPDATE b_goods set goods_name='康师傅香菇炖鸡面105g' WHERE goods_id='6920152442715'

-----------------AH3001执行完成-----------------


-----------------AF6001执行开始-----------------
UPDATE b_goods set goods_name='康师傅香菇炖鸡面105g' WHERE goods_id='6920152442715'

-----------------AF6001执行完成-----------------


-----------------AH3002执行开始-----------------
UPDATE b_goods set goods_name='康师傅香菇炖鸡面105g' WHERE goods_id='6920152442715'

-----------------AH3002执行完成-----------------


-----------------AK6001执行开始-----------------
UPDATE b_goods set goods_name='康师傅香菇炖鸡面105g' WHERE goods_id='6920152442715'

-----------------AK6001执行完成-----------------


-----------------AK6002执行开始-----------------
UPDATE b_goods set goods_name='康师傅香菇炖鸡面105g' WHERE goods_id='6920152442715'

-----------------AK6002执行完成-----------------


-----------------AK2003执行开始-----------------
UPDATE b_goods set goods_name='康师傅香菇炖鸡面105g' WHERE goods_id='6920152442715'

-----------------AK2003执行完成-----------------


-----------------AK2002执行开始-----------------
UPDATE b_goods set goods_name='康师傅香菇炖鸡面105g' WHERE goods_id='6920152442715'

-----------------AK2002执行完成-----------------


-----------------AK2001执行开始-----------------
UPDATE b_goods set goods_name='康师傅香菇炖鸡面105g' WHERE goods_id='6920152442715'

-----------------AK2001执行完成-----------------


-----------------AE5001执行开始-----------------
UPDATE b_goods set goods_name='康师傅香菇炖鸡面105g' WHERE goods_id='6920152442715'

-----------------AE5001执行完成-----------------


-----------------AHF001执行开始-----------------
UPDATE b_goods set goods_name='康师傅香菇炖鸡面105g' WHERE goods_id='6920152442715'

-----------------AHF001执行完成-----------------


-----------------AE5002执行开始-----------------
UPDATE b_goods set goods_name='康师傅香菇炖鸡面105g' WHERE goods_id='6920152442715'

-----------------AE5002执行完成-----------------


-----------------AE5003执行开始-----------------
UPDATE b_goods set goods_name='康师傅香菇炖鸡面105g' WHERE goods_id='6920152442715'

-----------------AE5003执行完成-----------------


-----------------AJ7001执行开始-----------------
UPDATE b_goods set goods_name='康师傅香菇炖鸡面105g' WHERE goods_id='6920152442715'

-----------------AJ7001执行完成-----------------


-----------------AF1001执行开始-----------------
UPDATE b_goods set goods_name='康师傅香菇炖鸡面105g' WHERE goods_id='6920152442715'

-----------------AF1001执行完成-----------------


-----------------AF1002执行开始-----------------
UPDATE b_goods set goods_name='康师傅香菇炖鸡面105g' WHERE goods_id='6920152442715'

-----------------AF1002执行完成-----------------


-----------------AF1003执行开始-----------------
UPDATE b_goods set goods_name='康师傅香菇炖鸡面105g' WHERE goods_id='6920152442715'

-----------------AF1003执行完成-----------------


-----------------AKE001执行开始-----------------
UPDATE b_goods set goods_name='康师傅香菇炖鸡面105g' WHERE goods_id='6920152442715'

-----------------AKE001执行完成-----------------


-----------------AF7001执行开始-----------------
UPDATE b_goods set goods_name='康师傅香菇炖鸡面105g' WHERE goods_id='6920152442715'

-----------------AF7001执行完成-----------------


-----------------AD4002执行开始-----------------
UPDATE b_goods set goods_name='康师傅香菇炖鸡面105g' WHERE goods_id='6920152442715'

-----------------AD4002执行完成-----------------


-----------------AD4001执行开始-----------------
UPDATE b_goods set goods_name='康师傅香菇炖鸡面105g' WHERE goods_id='6920152442715'

-----------------AD4001执行完成-----------------


-----------------AD4003执行开始-----------------
UPDATE b_goods set goods_name='康师傅香菇炖鸡面105g' WHERE goods_id='6920152442715'

-----------------AD4003执行完成-----------------


-----------------AJE001执行开始-----------------
UPDATE b_goods set goods_name='康师傅香菇炖鸡面105g' WHERE goods_id='6920152442715'

-----------------AJE001执行完成-----------------


-----------------AK3002执行开始-----------------
UPDATE b_goods set goods_name='康师傅香菇炖鸡面105g' WHERE goods_id='6920152442715'

-----------------AK3002执行完成-----------------


-----------------AK3001执行开始-----------------
UPDATE b_goods set goods_name='康师傅香菇炖鸡面105g' WHERE goods_id='6920152442715'

-----------------AK3001执行完成-----------------


-----------------AG5001执行开始-----------------
UPDATE b_goods set goods_name='康师傅香菇炖鸡面105g' WHERE goods_id='6920152442715'

-----------------AG5001执行完成-----------------


-----------------AE4001执行开始-----------------
UPDATE b_goods set goods_name='康师傅香菇炖鸡面105g' WHERE goods_id='6920152442715'

-----------------AE4001执行完成-----------------


-----------------AH1002执行开始-----------------
UPDATE b_goods set goods_name='康师傅香菇炖鸡面105g' WHERE goods_id='6920152442715'

-----------------AH1002执行完成-----------------


-----------------AF4001执行开始-----------------
UPDATE b_goods set goods_name='康师傅香菇炖鸡面105g' WHERE goods_id='6920152442715'

-----------------AF4001执行完成-----------------


